0 info it worked if it ends with ok
1 verbose cli [ '/home/kolawole/.nvm/versions/node/v5.0.0/bin/node',
1 verbose cli   '/home/kolawole/.nvm/versions/node/v5.0.0/bin/npm',
1 verbose cli   'start' ]
2 info using npm@3.3.6
3 info using node@v5.0.0
4 verbose run-script [ 'prestart', 'start', 'poststart' ]
5 info lifecycle ionic-hello-world@~prestart: ionic-hello-world@
6 silly lifecycle ionic-hello-world@~prestart: no script for prestart, continuing
7 info lifecycle ionic-hello-world@~start: ionic-hello-world@
8 verbose lifecycle ionic-hello-world@~start: unsafe-perm in lifecycle true
9 verbose lifecycle ionic-hello-world@~start: PATH: /home/kolawole/.nvm/versions/node/v5.0.0/lib/node_modules/npm/bin/node-gyp-bin:/home/kolawole/Documents/freelance/PediTaxi/ionic2-uber/node_modules/.bin:/home/kolawole/anaconda2/bin:/home/kolawole/.nvm/versions/node/v5.0.0/bin:/usr/local/heroku/bin:/home/kolawole/.local/share/umake/bin:/home/kolawole/bin:/usr/local/sbin:/usr/local/bin:/usr/sbin:/usr/bin:/sbin:/bin:/usr/games:/usr/local/games:/usr/lib/jvm/java-8-oracle/bin:/usr/lib/jvm/java-8-oracle/db/bin:/usr/lib/jvm/java-8-oracle/jre/bin:/opt/android-sdk/tools:/opt/android-sdk/platform-tools:/opt/node/bin:/opt/gradle/bin:/home/tools:/home/platform-tools
10 verbose lifecycle ionic-hello-world@~start: CWD: /home/kolawole/Documents/freelance/PediTaxi/ionic2-uber
11 silly lifecycle ionic-hello-world@~start: Args: [ '-c', 'node server.js' ]
12 silly lifecycle ionic-hello-world@~start: Returned: code: 1  signal: null
13 info lifecycle ionic-hello-world@~start: Failed to exec start script
14 verbose stack Error: ionic-hello-world@ start: `node server.js`
14 verbose stack Exit status 1
14 verbose stack     at EventEmitter.<anonymous> (/home/kolawole/.nvm/versions/node/v5.0.0/lib/node_modules/npm/lib/utils/lifecycle.js:233:16)
14 verbose stack     at emitTwo (events.js:87:13)
14 verbose stack     at EventEmitter.emit (events.js:172:7)
14 verbose stack     at ChildProcess.<anonymous> (/home/kolawole/.nvm/versions/node/v5.0.0/lib/node_modules/npm/lib/utils/spawn.js:24:14)
14 verbose stack     at emitTwo (events.js:87:13)
14 verbose stack     at ChildProcess.emit (events.js:172:7)
14 verbose stack     at maybeClose (internal/child_process.js:818:16)
14 verbose stack     at Process.ChildProcess._handle.onexit (internal/child_process.js:211:5)
15 verbose pkgid ionic-hello-world@
16 verbose cwd /home/kolawole/Documents/freelance/PediTaxi/ionic2-uber
17 error Linux 4.4.0-80-generic
18 error argv "/home/kolawole/.nvm/versions/node/v5.0.0/bin/node" "/home/kolawole/.nvm/versions/node/v5.0.0/bin/npm" "start"
19 error node v5.0.0
20 error npm  v3.3.6
21 error code ELIFECYCLE
22 error ionic-hello-world@ start: `node server.js`
22 error Exit status 1
23 error Failed at the ionic-hello-world@ start script 'node server.js'.
23 error This is most likely a problem with the ionic-hello-world package,
23 error not with npm itself.
23 error Tell the author that this fails on your system:
23 error     node server.js
23 error You can get their info via:
23 error     npm owner ls ionic-hello-world
23 error There is likely additional logging output above.
24 verbose exit [ 1, true ]
